<?xml version="1.0" encoding="UTF-8"?>
<beans xmlns="http://www.springframework.org/schema/beans"
       xmlns:xsi="http://www.w3.org/2001/XMLSchema-instance"
       xmlns:context="http://www.springframework.org/schema/context"
       xmlns:tx="http://www.springframework.org/schema/tx"
       xmlns:aop="http://www.springframework.org/schema/aop"
       xsi:schemaLocation="http://www.springframework.org/schema/beans
        http://www.springframework.org/schema/beans/spring-beans.xsd
        http://www.springframework.org/schema/mvc
        http://www.springframework.org/schema/mvc/spring-mvc.xsd
        http://www.springframework.org/schema/tx 
        http://www.springframework.org/schema/tx/spring-tx-3.0.xsd
        http://www.springframework.org/schema/context
        http://www.springframework.org/schema/context/spring-context.xsd
        http://www.springframework.org/schema/aop 
        http://www.springframework.org/schema/aop/spring-aop-3.2.xsd"> 

    <!-- Bean definitions go here -->
    <tx:annotation-driven/>

    <context:component-scan base-package="com.sg.library.dao" />
    <bean id="dataSource"
          class="org.apache.commons.dbcp2.BasicDataSource">
        <property name="driverClassName" value="com.mysql.jdbc.Driver"/>
        <property name="url"
                              value="jdbc:mysql://op2hpcwcbxb1t4z9.cbetxkdyhwsb.us-east-1.rds.amazonaws.com:3306/jmo2ikabx9xop4xn"/>
        <property name="username" value="ksbhxcoyl6qhaedn"/>
        <property name="password" value="z0mjgb4ogsupofqb"/>
        <property name="initialSize" value="5"/>
        <property name="maxTotal" value="10"/>
    </bean>

    <bean id="transactionManager"
          class="org.springframework.jdbc.datasource.DataSourceTransactionManager">
        <property name="dataSource" ref="dataSource"/>
    </bean>

    <bean id="jdbcTemplate"
          class="org.springframework.jdbc.core.JdbcTemplate">
        <property name="dataSource" ref="dataSource"/>
    </bean>

    <bean id="heroDao"
          class="com.sg.superherosightings.dao.HeroDaoDbImpl">
        <property name="jdbcTemplate" ref="jdbcTemplate"/>
    </bean>
    <bean id="locationDao"
          class="com.sg.superherosightings.dao.LocationDaoDbImpl">
        <property name="jdbcTemplate" ref="jdbcTemplate"/>
    </bean>
    <bean id="powerDao"
          class="com.sg.superherosightings.dao.PowerDaoDbImpl">
        <property name="jdbcTemplate" ref="jdbcTemplate"/>
    </bean>
    <bean id="sightingDao"
          class="com.sg.superherosightings.dao.SightingDaoDbImpl">
        <property name="jdbcTemplate" ref="jdbcTemplate"/>
        <constructor-arg ref="heroDao"/>
    </bean>
    <bean id="organizationDao"
          class="com.sg.superherosightings.dao.OrganizationDaoDbImpl">
        <property name="jdbcTemplate" ref="jdbcTemplate"/>
    </bean>
    <bean id="heroService"
          class="com.sg.superherosightings.service.HeroServiceImpl">
        <constructor-arg ref="heroDao"/>
    </bean>
    <bean id="locationService"
          class="com.sg.superherosightings.service.LocationServiceImpl">
        <constructor-arg ref="locationDao"/>
    </bean>
    <bean id="organizationService"
          class="com.sg.superherosightings.service.OrganizationServiceImpl">
        <constructor-arg ref="organizationDao"/>
    </bean>
    <bean id="powerService"
          class="com.sg.superherosightings.service.PowerServiceImpl">
        <constructor-arg ref="powerDao"/>
    </bean>
    <bean id="sightingService"
          class="com.sg.superherosightings.service.SightingServiceImpl">
        <constructor-arg ref="sightingDao"/>
    </bean>
    <bean id="userDao"
          class="com.sg.superherosightings.dao.UserDaoDbImpl">
        <property name="jdbcTemplate" ref="jdbcTemplate" />
    </bean>
    <bean id="theUserService"
           class="com.sg.superherosightings.service.TheUserServiceImpl">
        <constructor-arg ref="userDao"/>
    </bean>
</beans>